<?xml version="1.0" encoding="UTF-8"?>
<!-- Generated by org.testng.reporters.JUnitXMLReporter -->
<testsuite ignored="0" hostname="ANIRUDH" failures="0" tests="3" name="Chrome Test" time="42.912" errors="0" timestamp="2022-10-19T18:10:14 IST">
  <testcase classname="lambdatestjava.LambdaTestJava2" name="testScenario2" time="5.112"/>
  <testcase classname="lambdatestjava.LambdaTestJava3" name="testScenario3" time="14.274"/>
  <testcase classname="lambdatestjava.LambdaTestJava" name="testScenario1" time="5.632"/>
</testsuite> <!-- Chrome Test -->
