<?xml version="1.0" encoding="UTF-8"?>
<!-- Generated by org.testng.reporters.JUnitXMLReporter -->
<testsuite ignored="0" hostname="ANIRUDH" failures="0" tests="3" name="Firefox Test" time="35.67" errors="0" timestamp="2022-10-19T18:11:27 IST">
  <testcase classname="lambdatestjava.LambdaTestJava2" name="testScenario2" time="3.786"/>
  <testcase classname="lambdatestjava.LambdaTestJava3" name="testScenario3" time="14.744"/>
  <testcase classname="lambdatestjava.LambdaTestJava" name="testScenario1" time="5.548"/>
</testsuite> <!-- Firefox Test -->
