<?xml version="1.0" encoding="UTF-8"?>
<!-- Generated by org.testng.reporters.JUnitXMLReporter -->
<testsuite ignored="0" hostname="ANIRUDH" failures="0" tests="3" name="Microsoft Edge Test" time="37.615" errors="0" timestamp="2022-10-19T18:10:52 IST">
  <testcase classname="lambdatestjava.LambdaTestJava" name="testScenario1" time="5.837"/>
  <testcase classname="lambdatestjava.LambdaTestJava3" name="testScenario3" time="14.821"/>
  <testcase classname="lambdatestjava.LambdaTestJava2" name="testScenario2" time="4.729"/>
</testsuite> <!-- Microsoft Edge Test -->
